<?xml version="1.0" encoding="utf-8"?><testsuites name="pytest tests"><testsuite name="pytest" errors="0" failures="0" skipped="0" tests="26" time="87.388" timestamp="2026-04-23T06:29:49.738497-05:00" hostname="Us-Mac-Studio.local"><testcase classname="tests.api.test_api.TestBatchPipeline" name="test_should_failed_unkown_column_1" time="0.004" /><testcase classname="tests.api.test_api.TestBatchPipeline" name="test_should_failed_unkown_column_2" time="0.002" /><testcase classname="tests.api.test_api.TestBatchPipeline" name="test_should_failed_unkown_column_3" time="0.002" /><testcase classname="tests.api.test_api.TestBatchPipeline" name="test_should_get_predict" time="0.005" /><testcase classname="tests.model.test_model.TestModel" name="test_feature_alignment" time="0.063" /><testcase classname="tests.model.test_model.TestModel" name="test_feature_columns_property_custom" time="6.239" /><testcase classname="tests.model.test_model.TestModel" name="test_feature_columns_property_default" time="0.062" /><testcase classname="tests.model.test_model.TestModel" name="test_get_min_diff" time="0.062" /><testcase classname="tests.model.test_model.TestModel" name="test_get_period_day" time="0.063" /><testcase classname="tests.model.test_model.TestModel" name="test_is_high_season" time="0.057" /><testcase classname="tests.model.test_model.TestModel" name="test_load_backward_compat" time="6.268" /><testcase classname="tests.model.test_model.TestModel" name="test_model_fit" time="6.269" /><testcase classname="tests.model.test_model.TestModel" name="test_model_persistence" time="6.264" /><testcase classname="tests.model.test_model.TestModel" name="test_model_predict" time="4.680" /><testcase classname="tests.model.test_model.TestModel" name="test_model_preprocess_for_serving" time="4.627" /><testcase classname="tests.model.test_model.TestModel" name="test_model_preprocess_for_training" time="4.606" /><testcase classname="tests.model.test_model.TestModel" name="test_predict_output_values_are_binary" time="4.654" /><testcase classname="tests.model.test_model.TestModel" name="test_predict_single_flight" time="0.066" /><testcase classname="tests.model.test_model.TestModel" name="test_predictions_match_ground_truth" time="5.845" /><testcase classname="tests.model.test_model.TestModel" name="test_preprocess_api_input" time="0.063" /><testcase classname="tests.model.test_model.TestModel" name="test_preprocess_generates_derived_columns" time="0.066" /><testcase classname="tests.model.test_model.TestModel" name="test_preprocess_target_delay_values" time="4.644" /><testcase classname="tests.model.test_model.TestModel" name="test_retrain_with_new_data" time="12.571" /><testcase classname="tests.model.test_model.TestModel" name="test_threshold_in_minutes" time="0.061" /><testcase classname="tests.model.test_model.TestModel" name="test_train_from_csv" time="6.363" /><testcase classname="tests.model.test_model.TestModel" name="test_varied_api_predictions" time="6.350" /></testsuite></testsuites>